Connected, tailing logs for app forward-facing-service in org identity-fraud-management / space pavan-sandbox as Sudhakar.Alaparthi@T-Mobile.com...

2017-04-03T13:23:16.38-0700 [APP/0]      OUT 2017-04-03 20:23:16.386  INFO 14 --- [nio-8080-exec-2] o.a.c.c.C.[.[.[/]                        : Initializing Spring FrameworkServlet 'dispatcherServlet'
2017-04-03T13:23:16.38-0700 [APP/0]      OUT 2017-04-03 20:23:16.386  INFO 14 --- [nio-8080-exec-2] o.s.w.s.DispatcherServlet                : FrameworkServlet 'dispatcherServlet': initialization started
2017-04-03T13:23:16.42-0700 [APP/0]      OUT 2017-04-03 20:23:16.423  INFO 14 --- [nio-8080-exec-2] o.s.w.s.DispatcherServlet                : FrameworkServlet 'dispatcherServlet': initialization completed in 37 ms
2017-04-03T13:23:17.12-0700 [APP/0]      OUT 2017-04-03 20:23:17.118 ERROR 14 --- [nio-8080-exec-2] o.a.c.c.C.[.[.[.[dispatcherServlet]      : Servlet.service() for servlet dispatcherServlet threw exception
2017-04-03T13:23:17.12-0700 [APP/0]      OUT 	at java.net.URI$Parser.checkChars(URI.java:3021) ~[?:1.8.0_101]
2017-04-03T13:23:17.12-0700 [APP/0]      OUT 	at java.net.URI$Parser.parseHierarchical(URI.java:3105) ~[?:1.8.0_101]
2017-04-03T13:23:17.12-0700 [APP/0]      OUT 	at org.springframework.http.server.ServletServerHttpRequest.getURI(ServletServerHttpRequest.java:96) ~[spring-web-4.2.6.RELEASE.jar!/:4.2.6.RELEASE]
2017-04-03T13:23:17.12-0700 [APP/0]      OUT java.net.URISyntaxException: Illegal character in path at index 57: https://forward-facing-service.dev.px-01.cf.t-mobile.com/[10.254.0.22] : greeting - World
2017-04-03T13:23:17.12-0700 [APP/0]      OUT 	at java.net.URI$Parser.fail(URI.java:2848) ~[?:1.8.0_101]
2017-04-03T13:23:17.12-0700 [APP/0]      OUT 	at java.net.URI$Parser.parse(URI.java:3053) ~[?:1.8.0_101]
2017-04-03T13:23:17.12-0700 [APP/0]      OUT 	at org.springframework.web.util.UriComponentsBuilder.fromHttpRequest(UriComponentsBuilder.java:282) ~[spring-web-4.2.6.RELEASE.jar!/:4.2.6.RELEASE]
2017-04-03T13:23:17.12-0700 [APP/0]      OUT 	at org.springframework.web.util.WebUtils.isSameOrigin(WebUtils.java:814) ~[spring-web-4.2.6.RELEASE.jar!/:4.2.6.RELEASE]
2017-04-03T13:23:17.12-0700 [APP/0]      OUT 	at java.net.URI.<init>(URI.java:588) ~[?:1.8.0_101]
2017-04-03T13:23:17.12-0700 [APP/0]      OUT 	at org.springframework.web.cors.DefaultCorsProcessor.processRequest(DefaultCorsProcessor.java:76) ~[spring-web-4.2.6.RELEASE.jar!/:4.2.6.RELEASE]
2017-04-03T13:23:17.12-0700 [APP/0]      OUT 	at org.springframework.web.servlet.FrameworkServlet.service(FrameworkServlet.java:843) ~[spring-webmvc-4.2.6.RELEASE.jar!/:4.2.6.RELEASE]
2017-04-03T13:23:17.12-0700 [APP/0]      OUT 	at javax.servlet.http.HttpServlet.service(HttpServlet.java:729) ~[tomcat-embed-core-8.0.33.jar!/:8.0.33]
2017-04-03T13:23:17.12-0700 [APP/0]      OUT 	at org.springframework.web.servlet.handler.AbstractHandlerMapping$CorsInterceptor.preHandle(AbstractHandlerMapping.java:503) ~[spring-webmvc-4.2.6.RELEASE.jar!/:4.2.6.RELEASE]
2017-04-03T13:23:17.12-0700 [APP/0]      OUT 	at org.springframework.web.servlet.HandlerExecutionChain.applyPreHandle(HandlerExecutionChain.java:134) ~[spring-webmvc-4.2.6.RELEASE.jar!/:4.2.6.RELEASE]
2017-04-03T13:23:17.12-0700 [APP/0]      OUT 	at org.springframework.web.servlet.DispatcherServlet.doDispatch(DispatcherServlet.java:956) ~[spring-webmvc-4.2.6.RELEASE.jar!/:4.2.6.RELEASE]
2017-04-03T13:23:17.12-0700 [APP/0]      OUT 	at org.springframework.web.servlet.DispatcherServlet.doService(DispatcherServlet.java:895) ~[spring-webmvc-4.2.6.RELEASE.jar!/:4.2.6.RELEASE]
2017-04-03T13:23:17.12-0700 [APP/0]      OUT 	at org.springframework.web.servlet.FrameworkServlet.processRequest(FrameworkServlet.java:967) ~[spring-webmvc-4.2.6.RELEASE.jar!/:4.2.6.RELEASE]
2017-04-03T13:23:17.12-0700 [APP/0]      OUT 	at org.springframework.web.servlet.FrameworkServlet.doGet(FrameworkServlet.java:858) ~[spring-webmvc-4.2.6.RELEASE.jar!/:4.2.6.RELEASE]
2017-04-03T13:23:17.12-0700 [APP/0]      OUT 	at javax.servlet.http.HttpServlet.service(HttpServlet.java:622) ~[tomcat-embed-core-8.0.33.jar!/:8.0.33]
2017-04-03T13:23:17.12-0700 [APP/0]      OUT 	at org.apache.catalina.core.ApplicationFilterChain.internalDoFilter(ApplicationFilterChain.java:292) ~[tomcat-embed-core-8.0.33.jar!/:8.0.33]
2017-04-03T13:23:17.12-0700 [APP/0]      OUT 	at org.apache.catalina.core.ApplicationFilterChain.doFilter(ApplicationFilterChain.java:207) ~[tomcat-embed-core-8.0.33.jar!/:8.0.33]
2017-04-03T13:23:17.12-0700 [APP/0]      OUT 	at org.apache.tomcat.websocket.server.WsFilter.doFilter(WsFilter.java:52) ~[tomcat-embed-websocket-8.0.33.jar!/:8.0.33]
2017-04-03T13:23:17.12-0700 [APP/0]      OUT 	at org.apache.catalina.core.ApplicationFilterChain.internalDoFilter(ApplicationFilterChain.java:240) ~[tomcat-embed-core-8.0.33.jar!/:8.0.33]
2017-04-03T13:23:17.12-0700 [APP/0]      OUT 	at org.springframework.web.filter.OncePerRequestFilter.doFilter(OncePerRequestFilter.java:101) ~[spring-web-4.2.6.RELEASE.jar!/:4.2.6.RELEASE]
2017-04-03T13:23:17.12-0700 [APP/0]      OUT 	at org.apache.catalina.core.ApplicationFilterChain.internalDoFilter(ApplicationFilterChain.java:240) ~[tomcat-embed-core-8.0.33.jar!/:8.0.33]
2017-04-03T13:23:17.12-0700 [APP/0]      OUT 	at org.apache.catalina.core.ApplicationFilterChain.doFilter(ApplicationFilterChain.java:207) ~[tomcat-embed-core-8.0.33.jar!/:8.0.33]
2017-04-03T13:23:17.12-0700 [APP/0]      OUT 	at org.springframework.security.web.access.ExceptionTranslationFilter.doFilter(ExceptionTranslationFilter.java:114) ~[spring-security-web-4.0.4.RELEASE.jar!/:4.0.4.RELEASE]
2017-04-03T13:23:17.12-0700 [APP/0]      OUT 	at org.apache.catalina.core.ApplicationFilterChain.doFilter(ApplicationFilterChain.java:207) ~[tomcat-embed-core-8.0.33.jar!/:8.0.33]
2017-04-03T13:23:17.12-0700 [APP/0]      OUT 	at org.springframework.web.filter.OncePerRequestFilter.doFilter(OncePerRequestFilter.java:101) ~[spring-web-4.2.6.RELEASE.jar!/:4.2.6.RELEASE]
2017-04-03T13:23:17.12-0700 [APP/0]      OUT 	at org.apache.catalina.core.ApplicationFilterChain.internalDoFilter(ApplicationFilterChain.java:240) ~[tomcat-embed-core-8.0.33.jar!/:8.0.33]
2017-04-03T13:23:17.12-0700 [APP/0]      OUT 	at org.apache.catalina.core.ApplicationFilterChain.doFilter(ApplicationFilterChain.java:207) ~[tomcat-embed-core-8.0.33.jar!/:8.0.33]
2017-04-03T13:23:17.12-0700 [APP/0]      OUT 	at org.springframework.security.web.FilterChainProxy$VirtualFilterChain.doFilter(FilterChainProxy.java:316) ~[spring-security-web-4.0.4.RELEASE.jar!/:4.0.4.RELEASE]
2017-04-03T13:23:17.12-0700 [APP/0]      OUT 	at org.springframework.security.web.FilterChainProxy$VirtualFilterChain.doFilter(FilterChainProxy.java:330) ~[spring-security-web-4.0.4.RELEASE.jar!/:4.0.4.RELEASE]
2017-04-03T13:23:17.12-0700 [APP/0]      OUT 	at org.springframework.security.web.session.SessionManagementFilter.doFilter(SessionManagementFilter.java:69) ~[spring-security-web-4.0.4.RELEASE.jar!/:4.0.4.RELEASE]
2017-04-03T13:23:17.12-0700 [APP/0]      OUT 	at org.springframework.security.web.FilterChainProxy$VirtualFilterChain.doFilter(FilterChainProxy.java:330) ~[spring-security-web-4.0.4.RELEASE.jar!/:4.0.4.RELEASE]
2017-04-03T13:23:17.12-0700 [APP/0]      OUT 	at org.springframework.security.web.authentication.AnonymousAuthenticationFilter.doFilter(AnonymousAuthenticationFilter.java:111) ~[spring-security-web-4.0.4.RELEASE.jar!/:4.0.4.RELEASE]
2017-04-03T13:23:17.12-0700 [APP/0]      OUT 	at org.springframework.security.web.FilterChainProxy$VirtualFilterChain.doFilter(FilterChainProxy.java:330) ~[spring-security-web-4.0.4.RELEASE.jar!/:4.0.4.RELEASE]
2017-04-03T13:23:17.12-0700 [APP/0]      OUT 	at org.springframework.security.web.servletapi.SecurityContextHolderAwareRequestFilter.doFilter(SecurityContextHolderAwareRequestFilter.java:169) ~[spring-security-web-4.0.4.RELEASE.jar!/:4.0.4.RELEASE]
2017-04-03T13:23:17.12-0700 [APP/0]      OUT 	at org.springframework.security.web.FilterChainProxy$VirtualFilterChain.doFilter(FilterChainProxy.java:330) ~[spring-security-web-4.0.4.RELEASE.jar!/:4.0.4.RELEASE]
2017-04-03T13:23:17.12-0700 [APP/0]      OUT 	at org.springframework.security.web.savedrequest.RequestCacheAwareFilter.doFilter(RequestCacheAwareFilter.java:48) ~[spring-security-web-4.0.4.RELEASE.jar!/:4.0.4.RELEASE]
2017-04-03T13:23:17.12-0700 [APP/0]      OUT 	at org.springframework.security.web.FilterChainProxy$VirtualFilterChain.doFilter(FilterChainProxy.java:330) ~[spring-security-web-4.0.4.RELEASE.jar!/:4.0.4.RELEASE]
2017-04-03T13:23:17.12-0700 [APP/0]      OUT 	at org.springframework.security.web.authentication.logout.LogoutFilter.doFilter(LogoutFilter.java:120) ~[spring-security-web-4.0.4.RELEASE.jar!/:4.0.4.RELEASE]
2017-04-03T13:23:17.12-0700 [APP/0]      OUT 	at org.springframework.security.web.FilterChainProxy$VirtualFilterChain.doFilter(FilterChainProxy.java:330) ~[spring-security-web-4.0.4.RELEASE.jar!/:4.0.4.RELEASE]
2017-04-03T13:23:17.12-0700 [APP/0]      OUT 	at org.springframework.web.filter.OncePerRequestFilter.doFilter(OncePerRequestFilter.java:101) ~[spring-web-4.2.6.RELEASE.jar!/:4.2.6.RELEASE]
2017-04-03T13:23:17.12-0700 [APP/0]      OUT 	at org.springframework.security.web.FilterChainProxy$VirtualFilterChain.doFilter(FilterChainProxy.java:330) ~[spring-security-web-4.0.4.RELEASE.jar!/:4.0.4.RELEASE]
2017-04-03T13:23:17.12-0700 [APP/0]      OUT 	at org.springframework.security.web.context.SecurityContextPersistenceFilter.doFilter(SecurityContextPersistenceFilter.java:68) ~[spring-security-web-4.0.4.RELEASE.jar!/:4.0.4.RELEASE]
2017-04-03T13:23:17.12-0700 [APP/0]      OUT 	at org.springframework.security.web.FilterChainProxy$VirtualFilterChain.doFilter(FilterChainProxy.java:330) ~[spring-security-web-4.0.4.RELEASE.jar!/:4.0.4.RELEASE]
2017-04-03T13:23:17.12-0700 [APP/0]      OUT 	at org.springframework.web.filter.OncePerRequestFilter.doFilter(OncePerRequestFilter.java:101) ~[spring-web-4.2.6.RELEASE.jar!/:4.2.6.RELEASE]
2017-04-03T13:23:17.12-0700 [APP/0]      OUT 	at org.springframework.security.web.FilterChainProxy$VirtualFilterChain.doFilter(FilterChainProxy.java:330) ~[spring-security-web-4.0.4.RELEASE.jar!/:4.0.4.RELEASE]
2017-04-03T13:23:17.12-0700 [APP/0]      OUT 	at org.springframework.security.web.FilterChainProxy.doFilterInternal(FilterChainProxy.java:213) ~[spring-security-web-4.0.4.RELEASE.jar!/:4.0.4.RELEASE]
2017-04-03T13:23:17.12-0700 [APP/0]      OUT 	at org.springframework.security.web.FilterChainProxy.doFilter(FilterChainProxy.java:184) ~[spring-security-web-4.0.4.RELEASE.jar!/:4.0.4.RELEASE]
2017-04-03T13:23:17.12-0700 [APP/0]      OUT 	at org.springframework.web.filter.DelegatingFilterProxy.invokeDelegate(DelegatingFilterProxy.java:346) ~[spring-web-4.2.6.RELEASE.jar!/:4.2.6.RELEASE]
2017-04-03T13:23:17.12-0700 [APP/0]      OUT 	at org.springframework.web.filter.DelegatingFilterProxy.doFilter(DelegatingFilterProxy.java:262) ~[spring-web-4.2.6.RELEASE.jar!/:4.2.6.RELEASE]
2017-04-03T13:23:17.12-0700 [APP/0]      OUT 	at org.apache.catalina.core.ApplicationFilterChain.internalDoFilter(ApplicationFilterChain.java:240) ~[tomcat-embed-core-8.0.33.jar!/:8.0.33]
2017-04-03T13:23:17.12-0700 [APP/0]      OUT 	at org.apache.catalina.core.ApplicationFilterChain.doFilter(ApplicationFilterChain.java:207) ~[tomcat-embed-core-8.0.33.jar!/:8.0.33]
2017-04-03T13:23:17.12-0700 [APP/0]      OUT 	at org.springframework.web.filter.OncePerRequestFilter.doFilter(OncePerRequestFilter.java:101) ~[spring-web-4.2.6.RELEASE.jar!/:4.2.6.RELEASE]
2017-04-03T13:23:17.12-0700 [APP/0]      OUT 	at org.apache.catalina.core.ApplicationFilterChain.doFilter(ApplicationFilterChain.java:207) ~[tomcat-embed-core-8.0.33.jar!/:8.0.33]
2017-04-03T13:23:17.12-0700 [APP/0]      OUT 	at org.apache.catalina.core.ApplicationFilterChain.doFilter(ApplicationFilterChain.java:207) ~[tomcat-embed-core-8.0.33.jar!/:8.0.33]
2017-04-03T13:23:17.12-0700 [APP/0]      OUT 	at org.apache.catalina.core.ApplicationFilterChain.internalDoFilter(ApplicationFilterChain.java:240) ~[tomcat-embed-core-8.0.33.jar!/:8.0.33]
2017-04-03T13:23:17.12-0700 [APP/0]      OUT 	at org.apache.catalina.core.ApplicationFilterChain.internalDoFilter(ApplicationFilterChain.java:240) ~[tomcat-embed-core-8.0.33.jar!/:8.0.33]
2017-04-03T13:23:17.12-0700 [APP/0]      OUT 	at org.apache.catalina.core.ApplicationDispatcher.doForward(ApplicationDispatcher.java:391) [tomcat-embed-core-8.0.33.jar!/:8.0.33]
2017-04-03T13:23:17.12-0700 [APP/0]      OUT 	at org.apache.catalina.core.ApplicationDispatcher.forward(ApplicationDispatcher.java:318) [tomcat-embed-core-8.0.33.jar!/:8.0.33]
2017-04-03T13:23:17.12-0700 [APP/0]      OUT 	at org.springframework.web.servlet.DispatcherServlet.processDispatchResult(DispatcherServlet.java:1029) [spring-webmvc-4.2.6.RELEASE.jar!/:4.2.6.RELEASE]
2017-04-03T13:23:17.12-0700 [APP/0]      OUT 	at org.springframework.web.servlet.DispatcherServlet.doService(DispatcherServlet.java:895) [spring-webmvc-4.2.6.RELEASE.jar!/:4.2.6.RELEASE]
2017-04-03T13:23:17.12-0700 [APP/0]      OUT 	at org.springframework.web.servlet.FrameworkServlet.processRequest(FrameworkServlet.java:967) [spring-webmvc-4.2.6.RELEASE.jar!/:4.2.6.RELEASE]
2017-04-03T13:23:17.12-0700 [APP/0]      OUT 	at org.springframework.web.servlet.FrameworkServlet.doGet(FrameworkServlet.java:858) [spring-webmvc-4.2.6.RELEASE.jar!/:4.2.6.RELEASE]
2017-04-03T13:23:17.12-0700 [APP/0]      OUT 	at javax.servlet.http.HttpServlet.service(HttpServlet.java:729) [tomcat-embed-core-8.0.33.jar!/:8.0.33]
2017-04-03T13:23:17.12-0700 [APP/0]      OUT 	at org.apache.catalina.core.ApplicationFilterChain.internalDoFilter(ApplicationFilterChain.java:240) ~[tomcat-embed-core-8.0.33.jar!/:8.0.33]
2017-04-03T13:23:17.12-0700 [APP/0]      OUT 	at org.springframework.web.filter.OncePerRequestFilter.doFilter(OncePerRequestFilter.java:101) ~[spring-web-4.2.6.RELEASE.jar!/:4.2.6.RELEASE]
2017-04-03T13:23:17.12-0700 [APP/0]      OUT 	at org.apache.catalina.core.ApplicationFilterChain.internalDoFilter(ApplicationFilterChain.java:240) ~[tomcat-embed-core-8.0.33.jar!/:8.0.33]
2017-04-03T13:23:17.12-0700 [APP/0]      OUT 	at org.springframework.web.filter.OncePerRequestFilter.doFilter(OncePerRequestFilter.java:101) ~[spring-web-4.2.6.RELEASE.jar!/:4.2.6.RELEASE]
2017-04-03T13:23:17.12-0700 [APP/0]      OUT 	at org.apache.catalina.core.ApplicationFilterChain.doFilter(ApplicationFilterChain.java:207) ~[tomcat-embed-core-8.0.33.jar!/:8.0.33]
2017-04-03T13:23:17.12-0700 [APP/0]      OUT 	at org.springframework.web.filter.OncePerRequestFilter.doFilter(OncePerRequestFilter.java:101) ~[spring-web-4.2.6.RELEASE.jar!/:4.2.6.RELEASE]
2017-04-03T13:23:17.12-0700 [APP/0]      OUT 	at org.apache.catalina.core.ApplicationFilterChain.internalDoFilter(ApplicationFilterChain.java:240) ~[tomcat-embed-core-8.0.33.jar!/:8.0.33]
2017-04-03T13:23:17.12-0700 [APP/0]      OUT 	at org.apache.catalina.core.ApplicationFilterChain.doFilter(ApplicationFilterChain.java:207) ~[tomcat-embed-core-8.0.33.jar!/:8.0.33]
2017-04-03T13:23:17.12-0700 [APP/0]      OUT 	at org.springframework.web.filter.OncePerRequestFilter.doFilter(OncePerRequestFilter.java:101) ~[spring-web-4.2.6.RELEASE.jar!/:4.2.6.RELEASE]
2017-04-03T13:23:17.12-0700 [APP/0]      OUT 	at org.apache.catalina.core.ApplicationFilterChain.doFilter(ApplicationFilterChain.java:207) ~[tomcat-embed-core-8.0.33.jar!/:8.0.33]
2017-04-03T13:23:17.12-0700 [APP/0]      OUT 	at org.apache.catalina.core.ApplicationDispatcher.invoke(ApplicationDispatcher.java:720) [tomcat-embed-core-8.0.33.jar!/:8.0.33]
2017-04-03T13:23:17.12-0700 [APP/0]      OUT 	at org.apache.catalina.core.ApplicationDispatcher.processRequest(ApplicationDispatcher.java:466) [tomcat-embed-core-8.0.33.jar!/:8.0.33]
2017-04-03T13:23:17.12-0700 [APP/0]      OUT 	at org.springframework.web.servlet.view.InternalResourceView.renderMergedOutputModel(InternalResourceView.java:168) [spring-webmvc-4.2.6.RELEASE.jar!/:4.2.6.RELEASE]
2017-04-03T13:23:17.12-0700 [APP/0]      OUT 	at org.springframework.web.servlet.view.AbstractView.render(AbstractView.java:303) [spring-webmvc-4.2.6.RELEASE.jar!/:4.2.6.RELEASE]
2017-04-03T13:23:17.12-0700 [APP/0]      OUT 	at org.springframework.web.servlet.DispatcherServlet.render(DispatcherServlet.java:1246) [spring-webmvc-4.2.6.RELEASE.jar!/:4.2.6.RELEASE]
2017-04-03T13:23:17.12-0700 [APP/0]      OUT 	at org.springframework.web.servlet.DispatcherServlet.doDispatch(DispatcherServlet.java:973) [spring-webmvc-4.2.6.RELEASE.jar!/:4.2.6.RELEASE]
2017-04-03T13:23:17.12-0700 [APP/0]      OUT 	at javax.servlet.http.HttpServlet.service(HttpServlet.java:622) [tomcat-embed-core-8.0.33.jar!/:8.0.33]
2017-04-03T13:23:17.12-0700 [APP/0]      OUT 	at org.springframework.web.servlet.FrameworkServlet.service(FrameworkServlet.java:843) [spring-webmvc-4.2.6.RELEASE.jar!/:4.2.6.RELEASE]
2017-04-03T13:23:17.12-0700 [APP/0]      OUT 	at org.apache.catalina.core.ApplicationFilterChain.internalDoFilter(ApplicationFilterChain.java:292) [tomcat-embed-core-8.0.33.jar!/:8.0.33]
2017-04-03T13:23:17.12-0700 [APP/0]      OUT 	at org.apache.catalina.core.ApplicationFilterChain.doFilter(ApplicationFilterChain.java:207) [tomcat-embed-core-8.0.33.jar!/:8.0.33]
2017-04-03T13:23:17.12-0700 [APP/0]      OUT 	at org.apache.tomcat.websocket.server.WsFilter.doFilter(WsFilter.java:52) [tomcat-embed-websocket-8.0.33.jar!/:8.0.33]
2017-04-03T13:23:17.12-0700 [APP/0]      OUT 	at org.apache.catalina.core.ApplicationFilterChain.internalDoFilter(ApplicationFilterChain.java:240) [tomcat-embed-core-8.0.33.jar!/:8.0.33]
2017-04-03T13:23:17.12-0700 [APP/0]      OUT 	at org.apache.catalina.core.ApplicationFilterChain.doFilter(ApplicationFilterChain.java:207) [tomcat-embed-core-8.0.33.jar!/:8.0.33]
2017-04-03T13:23:17.12-0700 [APP/0]      OUT 	at org.springframework.boot.actuate.autoconfigure.EndpointWebMvcAutoConfiguration$ApplicationContextHeaderFilter.doFilterInternal(EndpointWebMvcAutoConfiguration.java:261) [spring-boot-actuator-1.3.5.RELEASE.jar!/:1.3.5.RELEASE]
2017-04-03T13:23:17.12-0700 [APP/0]      OUT 	at org.springframework.web.filter.OncePerRequestFilter.doFilter(OncePerRequestFilter.java:107) [spring-web-4.2.6.RELEASE.jar!/:4.2.6.RELEASE]
2017-04-03T13:23:17.12-0700 [APP/0]      OUT 	at org.apache.catalina.core.ApplicationFilterChain.internalDoFilter(ApplicationFilterChain.java:240) [tomcat-embed-core-8.0.33.jar!/:8.0.33]
2017-04-03T13:23:17.12-0700 [APP/0]      OUT 	at org.apache.catalina.core.ApplicationFilterChain.doFilter(ApplicationFilterChain.java:207) [tomcat-embed-core-8.0.33.jar!/:8.0.33]
2017-04-03T13:23:17.12-0700 [APP/0]      OUT 	at org.springframework.boot.actuate.trace.WebRequestTraceFilter.doFilterInternal(WebRequestTraceFilter.java:115) [spring-boot-actuator-1.3.5.RELEASE.jar!/:1.3.5.RELEASE]
2017-04-03T13:23:17.12-0700 [APP/0]      OUT 	at org.springframework.web.filter.OncePerRequestFilter.doFilter(OncePerRequestFilter.java:107) [spring-web-4.2.6.RELEASE.jar!/:4.2.6.RELEASE]
2017-04-03T13:23:17.12-0700 [APP/0]      OUT 	at org.apache.catalina.core.ApplicationFilterChain.internalDoFilter(ApplicationFilterChain.java:240) [tomcat-embed-core-8.0.33.jar!/:8.0.33]
2017-04-03T13:23:17.12-0700 [APP/0]      OUT 	at org.apache.catalina.core.ApplicationFilterChain.doFilter(ApplicationFilterChain.java:207) [tomcat-embed-core-8.0.33.jar!/:8.0.33]
2017-04-03T13:23:17.12-0700 [APP/0]      OUT 	at org.springframework.security.web.FilterChainProxy$VirtualFilterChain.doFilter(FilterChainProxy.java:316) [spring-security-web-4.0.4.RELEASE.jar!/:4.0.4.RELEASE]
2017-04-03T13:23:17.12-0700 [APP/0]      OUT 	at org.springframework.security.web.access.ExceptionTranslationFilter.doFilter(ExceptionTranslationFilter.java:114) [spring-security-web-4.0.4.RELEASE.jar!/:4.0.4.RELEASE]
2017-04-03T13:23:17.12-0700 [APP/0]      OUT 	at org.springframework.security.web.FilterChainProxy$VirtualFilterChain.doFilter(FilterChainProxy.java:330) [spring-security-web-4.0.4.RELEASE.jar!/:4.0.4.RELEASE]
2017-04-03T13:23:17.12-0700 [APP/0]      OUT 	at org.springframework.security.web.session.SessionManagementFilter.doFilter(SessionManagementFilter.java:122) [spring-security-web-4.0.4.RELEASE.jar!/:4.0.4.RELEASE]
2017-04-03T13:23:17.12-0700 [APP/0]      OUT 	at org.springframework.security.web.FilterChainProxy$VirtualFilterChain.doFilter(FilterChainProxy.java:330) [spring-security-web-4.0.4.RELEASE.jar!/:4.0.4.RELEASE]
2017-04-03T13:23:17.12-0700 [APP/0]      OUT 	at org.springframework.security.web.authentication.AnonymousAuthenticationFilter.doFilter(AnonymousAuthenticationFilter.java:111) [spring-security-web-4.0.4.RELEASE.jar!/:4.0.4.RELEASE]
2017-04-03T13:23:17.12-0700 [APP/0]      OUT 	at org.springframework.security.web.FilterChainProxy$VirtualFilterChain.doFilter(FilterChainProxy.java:330) [spring-security-web-4.0.4.RELEASE.jar!/:4.0.4.RELEASE]
2017-04-03T13:23:17.12-0700 [APP/0]      OUT 	at org.springframework.security.web.servletapi.SecurityContextHolderAwareRequestFilter.doFilter(SecurityContextHolderAwareRequestFilter.java:169) [spring-security-web-4.0.4.RELEASE.jar!/:4.0.4.RELEASE]
2017-04-03T13:23:17.12-0700 [APP/0]      OUT 	at org.springframework.security.web.FilterChainProxy$VirtualFilterChain.doFilter(FilterChainProxy.java:330) [spring-security-web-4.0.4.RELEASE.jar!/:4.0.4.RELEASE]
2017-04-03T13:23:17.12-0700 [APP/0]      OUT 	at org.springframework.security.web.savedrequest.RequestCacheAwareFilter.doFilter(RequestCacheAwareFilter.java:48) [spring-security-web-4.0.4.RELEASE.jar!/:4.0.4.RELEASE]
2017-04-03T13:23:17.12-0700 [APP/0]      OUT 	at org.springframework.security.web.FilterChainProxy$VirtualFilterChain.doFilter(FilterChainProxy.java:330) [spring-security-web-4.0.4.RELEASE.jar!/:4.0.4.RELEASE]
2017-04-03T13:23:17.12-0700 [APP/0]      OUT 	at org.springframework.security.web.authentication.logout.LogoutFilter.doFilter(LogoutFilter.java:120) [spring-security-web-4.0.4.RELEASE.jar!/:4.0.4.RELEASE]
2017-04-03T13:23:17.12-0700 [APP/0]      OUT 	at org.springframework.security.web.FilterChainProxy$VirtualFilterChain.doFilter(FilterChainProxy.java:330) [spring-security-web-4.0.4.RELEASE.jar!/:4.0.4.RELEASE]
2017-04-03T13:23:17.12-0700 [APP/0]      OUT 	at org.springframework.security.web.header.HeaderWriterFilter.doFilterInternal(HeaderWriterFilter.java:64) [spring-security-web-4.0.4.RELEASE.jar!/:4.0.4.RELEASE]
2017-04-03T13:23:17.12-0700 [APP/0]      OUT 	at org.springframework.web.filter.OncePerRequestFilter.doFilter(OncePerRequestFilter.java:107) [spring-web-4.2.6.RELEASE.jar!/:4.2.6.RELEASE]
2017-04-03T13:23:17.12-0700 [APP/0]      OUT 	at org.springframework.security.web.FilterChainProxy$VirtualFilterChain.doFilter(FilterChainProxy.java:330) [spring-security-web-4.0.4.RELEASE.jar!/:4.0.4.RELEASE]
2017-04-03T13:23:17.12-0700 [APP/0]      OUT 	at org.springframework.security.web.context.SecurityContextPersistenceFilter.doFilter(SecurityContextPersistenceFilter.java:91) [spring-security-web-4.0.4.RELEASE.jar!/:4.0.4.RELEASE]
2017-04-03T13:23:17.12-0700 [APP/0]      OUT 	at org.springframework.security.web.FilterChainProxy$VirtualFilterChain.doFilter(FilterChainProxy.java:330) [spring-security-web-4.0.4.RELEASE.jar!/:4.0.4.RELEASE]
2017-04-03T13:23:17.12-0700 [APP/0]      OUT 	at org.springframework.security.web.context.request.async.WebAsyncManagerIntegrationFilter.doFilterInternal(WebAsyncManagerIntegrationFilter.java:53) [spring-security-web-4.0.4.RELEASE.jar!/:4.0.4.RELEASE]
2017-04-03T13:23:17.12-0700 [APP/0]      OUT 	at org.springframework.web.filter.OncePerRequestFilter.doFilter(OncePerRequestFilter.java:107) [spring-web-4.2.6.RELEASE.jar!/:4.2.6.RELEASE]
2017-04-03T13:23:17.12-0700 [APP/0]      OUT 	at org.springframework.security.web.FilterChainProxy$VirtualFilterChain.doFilter(FilterChainProxy.java:330) [spring-security-web-4.0.4.RELEASE.jar!/:4.0.4.RELEASE]
2017-04-03T13:23:17.12-0700 [APP/0]      OUT 	at org.springframework.security.web.FilterChainProxy.doFilterInternal(FilterChainProxy.java:213) [spring-security-web-4.0.4.RELEASE.jar!/:4.0.4.RELEASE]
2017-04-03T13:23:17.12-0700 [APP/0]      OUT 	at org.springframework.security.web.FilterChainProxy.doFilter(FilterChainProxy.java:176) [spring-security-web-4.0.4.RELEASE.jar!/:4.0.4.RELEASE]
2017-04-03T13:23:17.12-0700 [APP/0]      OUT 	at org.springframework.web.filter.DelegatingFilterProxy.invokeDelegate(DelegatingFilterProxy.java:346) [spring-web-4.2.6.RELEASE.jar!/:4.2.6.RELEASE]
2017-04-03T13:23:17.12-0700 [APP/0]      OUT 	at org.springframework.web.filter.DelegatingFilterProxy.doFilter(DelegatingFilterProxy.java:262) [spring-web-4.2.6.RELEASE.jar!/:4.2.6.RELEASE]
2017-04-03T13:23:17.12-0700 [APP/0]      OUT 	at org.apache.catalina.core.ApplicationFilterChain.internalDoFilter(ApplicationFilterChain.java:240) [tomcat-embed-core-8.0.33.jar!/:8.0.33]
2017-04-03T13:23:17.12-0700 [APP/0]      OUT 	at org.apache.catalina.core.ApplicationFilterChain.doFilter(ApplicationFilterChain.java:207) [tomcat-embed-core-8.0.33.jar!/:8.0.33]
2017-04-03T13:23:17.12-0700 [APP/0]      OUT 	at org.springframework.web.filter.RequestContextFilter.doFilterInternal(RequestContextFilter.java:99) [spring-web-4.2.6.RELEASE.jar!/:4.2.6.RELEASE]
2017-04-03T13:23:17.12-0700 [APP/0]      OUT 	at org.springframework.web.filter.OncePerRequestFilter.doFilter(OncePerRequestFilter.java:107) [spring-web-4.2.6.RELEASE.jar!/:4.2.6.RELEASE]
2017-04-03T13:23:17.12-0700 [APP/0]      OUT 	at org.apache.catalina.core.ApplicationFilterChain.internalDoFilter(ApplicationFilterChain.java:240) [tomcat-embed-core-8.0.33.jar!/:8.0.33]
2017-04-03T13:23:17.12-0700 [APP/0]      OUT 	at org.apache.catalina.core.ApplicationFilterChain.doFilter(ApplicationFilterChain.java:207) [tomcat-embed-core-8.0.33.jar!/:8.0.33]
2017-04-03T13:23:17.12-0700 [APP/0]      OUT 	at org.springframework.web.filter.HttpPutFormContentFilter.doFilterInternal(HttpPutFormContentFilter.java:87) [spring-web-4.2.6.RELEASE.jar!/:4.2.6.RELEASE]
2017-04-03T13:23:17.12-0700 [APP/0]      OUT 	at org.springframework.web.filter.OncePerRequestFilter.doFilter(OncePerRequestFilter.java:107) [spring-web-4.2.6.RELEASE.jar!/:4.2.6.RELEASE]
2017-04-03T13:23:17.12-0700 [APP/0]      OUT 	at org.apache.catalina.core.ApplicationFilterChain.internalDoFilter(ApplicationFilterChain.java:240) [tomcat-embed-core-8.0.33.jar!/:8.0.33]
2017-04-03T13:23:17.12-0700 [APP/0]      OUT 	at org.apache.catalina.core.ApplicationFilterChain.doFilter(ApplicationFilterChain.java:207) [tomcat-embed-core-8.0.33.jar!/:8.0.33]
2017-04-03T13:23:17.12-0700 [APP/0]      OUT 	at org.springframework.web.filter.HiddenHttpMethodFilter.doFilterInternal(HiddenHttpMethodFilter.java:77) [spring-web-4.2.6.RELEASE.jar!/:4.2.6.RELEASE]
2017-04-03T13:23:17.12-0700 [APP/0]      OUT 	at org.springframework.web.filter.OncePerRequestFilter.doFilter(OncePerRequestFilter.java:107) [spring-web-4.2.6.RELEASE.jar!/:4.2.6.RELEASE]
2017-04-03T13:23:17.12-0700 [APP/0]      OUT 	at org.apache.catalina.core.ApplicationFilterChain.internalDoFilter(ApplicationFilterChain.java:240) [tomcat-embed-core-8.0.33.jar!/:8.0.33]
2017-04-03T13:23:17.12-0700 [APP/0]      OUT 	at org.apache.catalina.core.ApplicationFilterChain.doFilter(ApplicationFilterChain.java:207) [tomcat-embed-core-8.0.33.jar!/:8.0.33]
2017-04-03T13:23:17.12-0700 [APP/0]      OUT 	at org.springframework.web.filter.CharacterEncodingFilter.doFilterInternal(CharacterEncodingFilter.java:121) [spring-web-4.2.6.RELEASE.jar!/:4.2.6.RELEASE]
2017-04-03T13:23:17.12-0700 [APP/0]      OUT 	at org.springframework.web.filter.OncePerRequestFilter.doFilter(OncePerRequestFilter.java:107) [spring-web-4.2.6.RELEASE.jar!/:4.2.6.RELEASE]
2017-04-03T13:23:17.12-0700 [APP/0]      OUT 	at org.apache.catalina.core.ApplicationFilterChain.internalDoFilter(ApplicationFilterChain.java:240) [tomcat-embed-core-8.0.33.jar!/:8.0.33]
2017-04-03T13:23:17.12-0700 [APP/0]      OUT 	at org.apache.catalina.core.ApplicationFilterChain.doFilter(ApplicationFilterChain.java:207) [tomcat-embed-core-8.0.33.jar!/:8.0.33]
2017-04-03T13:23:17.12-0700 [APP/0]      OUT 	at org.springframework.boot.actuate.autoconfigure.MetricsFilter.doFilterInternal(MetricsFilter.java:103) [spring-boot-actuator-1.3.5.RELEASE.jar!/:1.3.5.RELEASE]
2017-04-03T13:23:17.12-0700 [APP/0]      OUT 	at org.springframework.web.filter.OncePerRequestFilter.doFilter(OncePerRequestFilter.java:107) [spring-web-4.2.6.RELEASE.jar!/:4.2.6.RELEASE]
2017-04-03T13:23:17.12-0700 [APP/0]      OUT 	at org.apache.catalina.core.ApplicationFilterChain.internalDoFilter(ApplicationFilterChain.java:240) [tomcat-embed-core-8.0.33.jar!/:8.0.33]
2017-04-03T13:23:17.12-0700 [APP/0]      OUT 	at org.apache.catalina.core.ApplicationFilterChain.doFilter(ApplicationFilterChain.java:207) [tomcat-embed-core-8.0.33.jar!/:8.0.33]
2017-04-03T13:23:17.12-0700 [APP/0]      OUT 	at org.apache.catalina.authenticator.AuthenticatorBase.invoke(AuthenticatorBase.java:502) [tomcat-embed-core-8.0.33.jar!/:8.0.33]
2017-04-03T13:23:17.12-0700 [APP/0]      OUT 	at org.apache.catalina.core.StandardHostValve.invoke(StandardHostValve.java:141) [tomcat-embed-core-8.0.33.jar!/:8.0.33]
2017-04-03T13:23:17.12-0700 [APP/0]      OUT 	at org.apache.catalina.valves.ErrorReportValve.invoke(ErrorReportValve.java:79) [tomcat-embed-core-8.0.33.jar!/:8.0.33]
2017-04-03T13:23:17.12-0700 [APP/0]      OUT 	at java.util.concurrent.ThreadPoolExecutor.runWorker(ThreadPoolExecutor.java:1142) [?:1.8.0_101]
2017-04-03T13:23:17.12-0700 [APP/0]      OUT 	at org.apache.catalina.core.StandardWrapperValve.invoke(StandardWrapperValve.java:212) [tomcat-embed-core-8.0.33.jar!/:8.0.33]
2017-04-03T13:23:17.12-0700 [APP/0]      OUT 	at org.apache.catalina.core.StandardContextValve.invoke(StandardContextValve.java:106) [tomcat-embed-core-8.0.33.jar!/:8.0.33]
2017-04-03T13:23:17.12-0700 [APP/0]      OUT 	at org.apache.catalina.valves.RemoteIpValve.invoke(RemoteIpValve.java:676) [tomcat-embed-core-8.0.33.jar!/:8.0.33]
2017-04-03T13:23:17.12-0700 [APP/0]      OUT 	at org.apache.catalina.core.StandardEngineValve.invoke(StandardEngineValve.java:88) [tomcat-embed-core-8.0.33.jar!/:8.0.33]
2017-04-03T13:23:17.12-0700 [APP/0]      OUT 	at org.apache.catalina.connector.CoyoteAdapter.service(CoyoteAdapter.java:522) [tomcat-embed-core-8.0.33.jar!/:8.0.33]
2017-04-03T13:23:17.12-0700 [APP/0]      OUT 	at org.apache.coyote.http11.AbstractHttp11Processor.process(AbstractHttp11Processor.java:1095) [tomcat-embed-core-8.0.33.jar!/:8.0.33]
2017-04-03T13:23:17.12-0700 [APP/0]      OUT 	at org.apache.coyote.AbstractProtocol$AbstractConnectionHandler.process(AbstractProtocol.java:672) [tomcat-embed-core-8.0.33.jar!/:8.0.33]
2017-04-03T13:23:17.12-0700 [APP/0]      OUT 	at org.apache.tomcat.util.net.NioEndpoint$SocketProcessor.doRun(NioEndpoint.java:1502) [tomcat-embed-core-8.0.33.jar!/:8.0.33]
2017-04-03T13:23:17.12-0700 [APP/0]      OUT 	at org.apache.tomcat.util.net.NioEndpoint$SocketProcessor.run(NioEndpoint.java:1458) [tomcat-embed-core-8.0.33.jar!/:8.0.33]
2017-04-03T13:23:17.12-0700 [APP/0]      OUT 	at java.util.concurrent.ThreadPoolExecutor$Worker.run(ThreadPoolExecutor.java:617) [?:1.8.0_101]
2017-04-03T13:23:17.12-0700 [APP/0]      OUT 	at org.apache.tomcat.util.threads.TaskThread$WrappingRunnable.run(TaskThread.java:61) [tomcat-embed-core-8.0.33.jar!/:8.0.33]
2017-04-03T13:23:17.12-0700 [APP/0]      OUT 	at java.lang.Thread.run(Thread.java:745) [?:1.8.0_101]
2017-04-03T13:23:17.13-0700 [APP/0]      OUT 2017-04-03 20:23:17.135 ERROR 14 --- [nio-8080-exec-2] o.a.c.c.C.[.[.[.[dispatcherServlet]      : Servlet.service() for servlet [dispatcherServlet] in context with path [] threw exception [Request processing failed; nested exception is java.lang.IllegalStateException: Could not get HttpServletRequest URI: Illegal character in path at index 57: https://forward-facing-service.dev.px-01.cf.t-mobile.com/[10.254.0.22] : greeting - World] with root cause
2017-04-03T13:23:17.13-0700 [APP/0]      OUT java.net.URISyntaxException: Illegal character in path at index 57: https://forward-facing-service.dev.px-01.cf.t-mobile.com/[10.254.0.22] : greeting - World
2017-04-03T13:23:17.13-0700 [APP/0]      OUT 	at java.net.URI$Parser.fail(URI.java:2848) ~[?:1.8.0_101]
2017-04-03T13:23:17.13-0700 [APP/0]      OUT 	at java.net.URI$Parser.checkChars(URI.java:3021) ~[?:1.8.0_101]
2017-04-03T13:23:17.13-0700 [APP/0]      OUT 	at java.net.URI$Parser.parseHierarchical(URI.java:3105) ~[?:1.8.0_101]
2017-04-03T13:23:17.13-0700 [APP/0]      OUT 	at java.net.URI$Parser.parse(URI.java:3053) ~[?:1.8.0_101]
2017-04-03T13:23:17.13-0700 [APP/0]      OUT 	at java.net.URI.<init>(URI.java:588) ~[?:1.8.0_101]
2017-04-03T13:23:17.13-0700 [APP/0]      OUT 	at org.springframework.http.server.ServletServerHttpRequest.getURI(ServletServerHttpRequest.java:96) ~[spring-web-4.2.6.RELEASE.jar!/:4.2.6.RELEASE]
2017-04-03T13:23:17.13-0700 [APP/0]      OUT 	at org.springframework.web.util.UriComponentsBuilder.fromHttpRequest(UriComponentsBuilder.java:282) ~[spring-web-4.2.6.RELEASE.jar!/:4.2.6.RELEASE]
2017-04-03T13:23:17.13-0700 [APP/0]      OUT 	at org.springframework.web.util.WebUtils.isSameOrigin(WebUtils.java:814) ~[spring-web-4.2.6.RELEASE.jar!/:4.2.6.RELEASE]
2017-04-03T13:23:17.13-0700 [APP/0]      OUT 	at org.springframework.web.cors.DefaultCorsProcessor.processRequest(DefaultCorsProcessor.java:76) ~[spring-web-4.2.6.RELEASE.jar!/:4.2.6.RELEASE]
2017-04-03T13:23:17.13-0700 [APP/0]      OUT 	at org.springframework.web.servlet.handler.AbstractHandlerMapping$CorsInterceptor.preHandle(AbstractHandlerMapping.java:503) ~[spring-webmvc-4.2.6.RELEASE.jar!/:4.2.6.RELEASE]
2017-04-03T13:23:17.13-0700 [APP/0]      OUT 	at org.springframework.web.servlet.DispatcherServlet.doDispatch(DispatcherServlet.java:956) ~[spring-webmvc-4.2.6.RELEASE.jar!/:4.2.6.RELEASE]
2017-04-03T13:23:17.13-0700 [APP/0]      OUT 	at org.springframework.web.servlet.FrameworkServlet.processRequest(FrameworkServlet.java:967) ~[spring-webmvc-4.2.6.RELEASE.jar!/:4.2.6.RELEASE]
2017-04-03T13:23:17.13-0700 [APP/0]      OUT 	at org.springframework.web.servlet.FrameworkServlet.doGet(FrameworkServlet.java:858) ~[spring-webmvc-4.2.6.RELEASE.jar!/:4.2.6.RELEASE]
2017-04-03T13:23:17.13-0700 [APP/0]      OUT 	at org.springframework.web.servlet.FrameworkServlet.service(FrameworkServlet.java:843) ~[spring-webmvc-4.2.6.RELEASE.jar!/:4.2.6.RELEASE]
2017-04-03T13:23:17.13-0700 [APP/0]      OUT 	at javax.servlet.http.HttpServlet.service(HttpServlet.java:729) ~[tomcat-embed-core-8.0.33.jar!/:8.0.33]
2017-04-03T13:23:17.13-0700 [APP/0]      OUT 	at org.apache.catalina.core.ApplicationFilterChain.internalDoFilter(ApplicationFilterChain.java:292) ~[tomcat-embed-core-8.0.33.jar!/:8.0.33]
2017-04-03T13:23:17.13-0700 [APP/0]      OUT 	at org.apache.catalina.core.ApplicationFilterChain.doFilter(ApplicationFilterChain.java:207) ~[tomcat-embed-core-8.0.33.jar!/:8.0.33]
2017-04-03T13:23:17.13-0700 [APP/0]      OUT 	at org.apache.tomcat.websocket.server.WsFilter.doFilter(WsFilter.java:52) ~[tomcat-embed-websocket-8.0.33.jar!/:8.0.33]
2017-04-03T13:23:17.13-0700 [APP/0]      OUT 	at org.apache.catalina.core.ApplicationFilterChain.doFilter(ApplicationFilterChain.java:207) ~[tomcat-embed-core-8.0.33.jar!/:8.0.33]
2017-04-03T13:23:17.13-0700 [APP/0]      OUT 	at org.springframework.web.filter.OncePerRequestFilter.doFilter(OncePerRequestFilter.java:101) ~[spring-web-4.2.6.RELEASE.jar!/:4.2.6.RELEASE]
2017-04-03T13:23:17.13-0700 [APP/0]      OUT 	at org.apache.catalina.core.ApplicationFilterChain.internalDoFilter(ApplicationFilterChain.java:240) ~[tomcat-embed-core-8.0.33.jar!/:8.0.33]
2017-04-03T13:23:17.13-0700 [APP/0]      OUT 	at org.springframework.security.web.FilterChainProxy$VirtualFilterChain.doFilter(FilterChainProxy.java:330) ~[spring-security-web-4.0.4.RELEASE.jar!/:4.0.4.RELEASE]
2017-04-03T13:23:17.13-0700 [APP/0]      OUT 	at org.springframework.security.web.session.SessionManagementFilter.doFilter(SessionManagementFilter.java:69) ~[spring-security-web-4.0.4.RELEASE.jar!/:4.0.4.RELEASE]
2017-04-03T13:23:17.13-0700 [APP/0]      OUT 	at org.springframework.security.web.FilterChainProxy$VirtualFilterChain.doFilter(FilterChainProxy.java:330) ~[spring-security-web-4.0.4.RELEASE.jar!/:4.0.4.RELEASE]
2017-04-03T13:23:17.13-0700 [APP/0]      OUT 	at org.springframework.security.web.authentication.AnonymousAuthenticationFilter.doFilter(AnonymousAuthenticationFilter.java:111) ~[spring-security-web-4.0.4.RELEASE.jar!/:4.0.4.RELEASE]
2017-04-03T13:23:17.13-0700 [APP/0]      OUT 	at org.springframework.security.web.FilterChainProxy$VirtualFilterChain.doFilter(FilterChainProxy.java:330) ~[spring-security-web-4.0.4.RELEASE.jar!/:4.0.4.RELEASE]
2017-04-03T13:23:17.13-0700 [APP/0]      OUT 	at org.springframework.security.web.FilterChainProxy$VirtualFilterChain.doFilter(FilterChainProxy.java:330) ~[spring-security-web-4.0.4.RELEASE.jar!/:4.0.4.RELEASE]
2017-04-03T13:23:17.13-0700 [APP/0]      OUT 	at org.springframework.web.servlet.HandlerExecutionChain.applyPreHandle(HandlerExecutionChain.java:134) ~[spring-webmvc-4.2.6.RELEASE.jar!/:4.2.6.RELEASE]
2017-04-03T13:23:17.13-0700 [APP/0]      OUT 	at org.springframework.web.servlet.DispatcherServlet.doService(DispatcherServlet.java:895) ~[spring-webmvc-4.2.6.RELEASE.jar!/:4.2.6.RELEASE]
2017-04-03T13:23:17.13-0700 [APP/0]      OUT 	at javax.servlet.http.HttpServlet.service(HttpServlet.java:622) ~[tomcat-embed-core-8.0.33.jar!/:8.0.33]
2017-04-03T13:23:17.13-0700 [APP/0]      OUT 	at org.apache.catalina.core.ApplicationFilterChain.internalDoFilter(ApplicationFilterChain.java:240) ~[tomcat-embed-core-8.0.33.jar!/:8.0.33]
2017-04-03T13:23:17.13-0700 [APP/0]      OUT 	at org.apache.catalina.core.ApplicationFilterChain.doFilter(ApplicationFilterChain.java:207) ~[tomcat-embed-core-8.0.33.jar!/:8.0.33]
2017-04-03T13:23:17.13-0700 [APP/0]      OUT 	at org.springframework.web.filter.OncePerRequestFilter.doFilter(OncePerRequestFilter.java:101) ~[spring-web-4.2.6.RELEASE.jar!/:4.2.6.RELEASE]
2017-04-03T13:23:17.13-0700 [APP/0]      OUT 	at org.apache.catalina.core.ApplicationFilterChain.internalDoFilter(ApplicationFilterChain.java:240) ~[tomcat-embed-core-8.0.33.jar!/:8.0.33]
2017-04-03T13:23:17.13-0700 [APP/0]      OUT 	at org.apache.catalina.core.ApplicationFilterChain.doFilter(ApplicationFilterChain.java:207) ~[tomcat-embed-core-8.0.33.jar!/:8.0.33]
2017-04-03T13:23:17.13-0700 [APP/0]      OUT 	at org.springframework.security.web.FilterChainProxy$VirtualFilterChain.doFilter(FilterChainProxy.java:316) ~[spring-security-web-4.0.4.RELEASE.jar!/:4.0.4.RELEASE]
2017-04-03T13:23:17.13-0700 [APP/0]      OUT 	at org.springframework.security.web.access.ExceptionTranslationFilter.doFilter(ExceptionTranslationFilter.java:114) ~[spring-security-web-4.0.4.RELEASE.jar!/:4.0.4.RELEASE]
2017-04-03T13:23:17.13-0700 [APP/0]      OUT 	at org.springframework.security.web.servletapi.SecurityContextHolderAwareRequestFilter.doFilter(SecurityContextHolderAwareRequestFilter.java:169) ~[spring-security-web-4.0.4.RELEASE.jar!/:4.0.4.RELEASE]
2017-04-03T13:23:17.13-0700 [APP/0]      OUT 	at org.springframework.security.web.FilterChainProxy$VirtualFilterChain.doFilter(FilterChainProxy.java:330) ~[spring-security-web-4.0.4.RELEASE.jar!/:4.0.4.RELEASE]
2017-04-03T13:23:17.13-0700 [APP/0]      OUT 	at org.springframework.security.web.savedrequest.RequestCacheAwareFilter.doFilter(RequestCacheAwareFilter.java:48) ~[spring-security-web-4.0.4.RELEASE.jar!/:4.0.4.RELEASE]
2017-04-03T13:23:17.13-0700 [APP/0]      OUT 	at org.springframework.security.web.authentication.logout.LogoutFilter.doFilter(LogoutFilter.java:120) ~[spring-security-web-4.0.4.RELEASE.jar!/:4.0.4.RELEASE]
2017-04-03T13:23:17.13-0700 [APP/0]      OUT 	at org.springframework.security.web.FilterChainProxy$VirtualFilterChain.doFilter(FilterChainProxy.java:330) ~[spring-security-web-4.0.4.RELEASE.jar!/:4.0.4.RELEASE]
2017-04-03T13:23:17.13-0700 [APP/0]      OUT 	at org.springframework.web.filter.OncePerRequestFilter.doFilter(OncePerRequestFilter.java:101) ~[spring-web-4.2.6.RELEASE.jar!/:4.2.6.RELEASE]
2017-04-03T13:23:17.13-0700 [APP/0]      OUT 	at org.springframework.security.web.FilterChainProxy$VirtualFilterChain.doFilter(FilterChainProxy.java:330) ~[spring-security-web-4.0.4.RELEASE.jar!/:4.0.4.RELEASE]
2017-04-03T13:23:17.13-0700 [APP/0]      OUT 	at org.springframework.security.web.context.SecurityContextPersistenceFilter.doFilter(SecurityContextPersistenceFilter.java:68) ~[spring-security-web-4.0.4.RELEASE.jar!/:4.0.4.RELEASE]
2017-04-03T13:23:17.13-0700 [APP/0]      OUT 	at org.springframework.web.filter.OncePerRequestFilter.doFilter(OncePerRequestFilter.java:101) ~[spring-web-4.2.6.RELEASE.jar!/:4.2.6.RELEASE]
2017-04-03T13:23:17.13-0700 [APP/0]      OUT 	at org.springframework.security.web.FilterChainProxy$VirtualFilterChain.doFilter(FilterChainProxy.java:330) ~[spring-security-web-4.0.4.RELEASE.jar!/:4.0.4.RELEASE]
2017-04-03T13:23:17.13-0700 [APP/0]      OUT 	at org.springframework.security.web.FilterChainProxy.doFilterInternal(FilterChainProxy.java:213) ~[spring-security-web-4.0.4.RELEASE.jar!/:4.0.4.RELEASE]
2017-04-03T13:23:17.13-0700 [APP/0]      OUT 	at org.springframework.web.filter.DelegatingFilterProxy.invokeDelegate(DelegatingFilterProxy.java:346) ~[spring-web-4.2.6.RELEASE.jar!/:4.2.6.RELEASE]
2017-04-03T13:23:17.13-0700 [APP/0]      OUT 	at org.springframework.web.filter.OncePerRequestFilter.doFilter(OncePerRequestFilter.java:101) ~[spring-web-4.2.6.RELEASE.jar!/:4.2.6.RELEASE]
2017-04-03T13:23:17.13-0700 [APP/0]      OUT 	at org.apache.catalina.core.ApplicationFilterChain.doFilter(ApplicationFilterChain.java:207) ~[tomcat-embed-core-8.0.33.jar!/:8.0.33]
2017-04-03T13:23:17.13-0700 [APP/0]      OUT 	at org.springframework.web.filter.OncePerRequestFilter.doFilter(OncePerRequestFilter.java:101) ~[spring-web-4.2.6.RELEASE.jar!/:4.2.6.RELEASE]
2017-04-03T13:23:17.13-0700 [APP/0]      OUT 	at org.apache.catalina.core.ApplicationFilterChain.doFilter(ApplicationFilterChain.java:207) ~[tomcat-embed-core-8.0.33.jar!/:8.0.33]
2017-04-03T13:23:17.13-0700 [APP/0]      OUT 	at org.apache.catalina.core.ApplicationFilterChain.doFilter(ApplicationFilterChain.java:207) ~[tomcat-embed-core-8.0.33.jar!/:8.0.33]
2017-04-03T13:23:17.13-0700 [APP/0]      OUT 	at org.springframework.web.servlet.DispatcherServlet.processDispatchResult(DispatcherServlet.java:1029) ~[spring-webmvc-4.2.6.RELEASE.jar!/:4.2.6.RELEASE]
2017-04-03T13:23:17.13-0700 [APP/0]      OUT 	at org.springframework.security.web.FilterChainProxy$VirtualFilterChain.doFilter(FilterChainProxy.java:330) ~[spring-security-web-4.0.4.RELEASE.jar!/:4.0.4.RELEASE]
2017-04-03T13:23:17.13-0700 [APP/0]      OUT 	at org.springframework.security.web.FilterChainProxy.doFilter(FilterChainProxy.java:184) ~[spring-security-web-4.0.4.RELEASE.jar!/:4.0.4.RELEASE]
2017-04-03T13:23:17.13-0700 [APP/0]      OUT 	at org.springframework.web.filter.DelegatingFilterProxy.doFilter(DelegatingFilterProxy.java:262) ~[spring-web-4.2.6.RELEASE.jar!/:4.2.6.RELEASE]
2017-04-03T13:23:17.13-0700 [APP/0]      OUT 	at org.apache.catalina.core.ApplicationFilterChain.internalDoFilter(ApplicationFilterChain.java:240) ~[tomcat-embed-core-8.0.33.jar!/:8.0.33]
2017-04-03T13:23:17.13-0700 [APP/0]      OUT 	at org.apache.catalina.core.ApplicationFilterChain.doFilter(ApplicationFilterChain.java:207) ~[tomcat-embed-core-8.0.33.jar!/:8.0.33]
2017-04-03T13:23:17.13-0700 [APP/0]      OUT 	at org.apache.catalina.core.ApplicationFilterChain.internalDoFilter(ApplicationFilterChain.java:240) ~[tomcat-embed-core-8.0.33.jar!/:8.0.33]
2017-04-03T13:23:17.13-0700 [APP/0]      OUT 	at org.apache.catalina.core.ApplicationFilterChain.internalDoFilter(ApplicationFilterChain.java:240) ~[tomcat-embed-core-8.0.33.jar!/:8.0.33]
2017-04-03T13:23:17.13-0700 [APP/0]      OUT 	at org.springframework.web.filter.OncePerRequestFilter.doFilter(OncePerRequestFilter.java:101) ~[spring-web-4.2.6.RELEASE.jar!/:4.2.6.RELEASE]
2017-04-03T13:23:17.13-0700 [APP/0]      OUT 	at org.apache.catalina.core.ApplicationFilterChain.internalDoFilter(ApplicationFilterChain.java:240) ~[tomcat-embed-core-8.0.33.jar!/:8.0.33]
2017-04-03T13:23:17.13-0700 [APP/0]      OUT 	at org.springframework.web.filter.OncePerRequestFilter.doFilter(OncePerRequestFilter.java:101) ~[spring-web-4.2.6.RELEASE.jar!/:4.2.6.RELEASE]
2017-04-03T13:23:17.13-0700 [APP/0]      OUT 	at org.apache.catalina.core.ApplicationFilterChain.internalDoFilter(ApplicationFilterChain.java:240) ~[tomcat-embed-core-8.0.33.jar!/:8.0.33]
2017-04-03T13:23:17.13-0700 [APP/0]      OUT 	at org.apache.catalina.core.ApplicationFilterChain.doFilter(ApplicationFilterChain.java:207) ~[tomcat-embed-core-8.0.33.jar!/:8.0.33]
2017-04-03T13:23:17.13-0700 [APP/0]      OUT 	at org.springframework.web.filter.OncePerRequestFilter.doFilter(OncePerRequestFilter.java:101) ~[spring-web-4.2.6.RELEASE.jar!/:4.2.6.RELEASE]
2017-04-03T13:23:17.13-0700 [APP/0]      OUT 	at org.apache.catalina.core.ApplicationFilterChain.internalDoFilter(ApplicationFilterChain.java:240) ~[tomcat-embed-core-8.0.33.jar!/:8.0.33]
2017-04-03T13:23:17.13-0700 [APP/0]      OUT 	at org.apache.catalina.core.ApplicationFilterChain.doFilter(ApplicationFilterChain.java:207) ~[tomcat-embed-core-8.0.33.jar!/:8.0.33]
2017-04-03T13:23:17.13-0700 [APP/0]      OUT 	at org.apache.catalina.core.ApplicationDispatcher.invoke(ApplicationDispatcher.java:720) ~[tomcat-embed-core-8.0.33.jar!/:8.0.33]
2017-04-03T13:23:17.13-0700 [APP/0]      OUT 	at org.apache.catalina.core.ApplicationDispatcher.processRequest(ApplicationDispatcher.java:466) ~[tomcat-embed-core-8.0.33.jar!/:8.0.33]
2017-04-03T13:23:17.13-0700 [APP/0]      OUT 	at org.apache.catalina.core.ApplicationDispatcher.doForward(ApplicationDispatcher.java:391) ~[tomcat-embed-core-8.0.33.jar!/:8.0.33]
2017-04-03T13:23:17.13-0700 [APP/0]      OUT 	at org.apache.catalina.core.ApplicationDispatcher.forward(ApplicationDispatcher.java:318) ~[tomcat-embed-core-8.0.33.jar!/:8.0.33]
2017-04-03T13:23:17.13-0700 [APP/0]      OUT 	at org.springframework.web.servlet.view.InternalResourceView.renderMergedOutputModel(InternalResourceView.java:168) ~[spring-webmvc-4.2.6.RELEASE.jar!/:4.2.6.RELEASE]
2017-04-03T13:23:17.13-0700 [APP/0]      OUT 	at org.springframework.web.servlet.view.AbstractView.render(AbstractView.java:303) ~[spring-webmvc-4.2.6.RELEASE.jar!/:4.2.6.RELEASE]
2017-04-03T13:23:17.13-0700 [APP/0]      OUT 	at org.springframework.web.servlet.DispatcherServlet.render(DispatcherServlet.java:1246) ~[spring-webmvc-4.2.6.RELEASE.jar!/:4.2.6.RELEASE]
2017-04-03T13:23:17.13-0700 [APP/0]      OUT 	at org.springframework.web.servlet.DispatcherServlet.doDispatch(DispatcherServlet.java:973) ~[spring-webmvc-4.2.6.RELEASE.jar!/:4.2.6.RELEASE]
2017-04-03T13:23:17.13-0700 [APP/0]      OUT 	at org.springframework.web.servlet.DispatcherServlet.doService(DispatcherServlet.java:895) ~[spring-webmvc-4.2.6.RELEASE.jar!/:4.2.6.RELEASE]
2017-04-03T13:23:17.13-0700 [APP/0]      OUT 	at org.springframework.web.servlet.FrameworkServlet.processRequest(FrameworkServlet.java:967) ~[spring-webmvc-4.2.6.RELEASE.jar!/:4.2.6.RELEASE]
2017-04-03T13:23:17.13-0700 [APP/0]      OUT 	at org.springframework.web.servlet.FrameworkServlet.doGet(FrameworkServlet.java:858) ~[spring-webmvc-4.2.6.RELEASE.jar!/:4.2.6.RELEASE]
2017-04-03T13:23:17.13-0700 [APP/0]      OUT 	at javax.servlet.http.HttpServlet.service(HttpServlet.java:622) ~[tomcat-embed-core-8.0.33.jar!/:8.0.33]
2017-04-03T13:23:17.13-0700 [APP/0]      OUT 	at org.springframework.web.servlet.FrameworkServlet.service(FrameworkServlet.java:843) ~[spring-webmvc-4.2.6.RELEASE.jar!/:4.2.6.RELEASE]
2017-04-03T13:23:17.13-0700 [APP/0]      OUT 	at javax.servlet.http.HttpServlet.service(HttpServlet.java:729) ~[tomcat-embed-core-8.0.33.jar!/:8.0.33]
2017-04-03T13:23:17.13-0700 [APP/0]      OUT 	at org.apache.catalina.core.ApplicationFilterChain.internalDoFilter(ApplicationFilterChain.java:292) ~[tomcat-embed-core-8.0.33.jar!/:8.0.33]
2017-04-03T13:23:17.13-0700 [APP/0]      OUT 	at org.apache.catalina.core.ApplicationFilterChain.doFilter(ApplicationFilterChain.java:207) ~[tomcat-embed-core-8.0.33.jar!/:8.0.33]
2017-04-03T13:23:17.13-0700 [APP/0]      OUT 	at org.apache.tomcat.websocket.server.WsFilter.doFilter(WsFilter.java:52) ~[tomcat-embed-websocket-8.0.33.jar!/:8.0.33]
2017-04-03T13:23:17.13-0700 [APP/0]      OUT 	at org.apache.catalina.core.ApplicationFilterChain.internalDoFilter(ApplicationFilterChain.java:240) ~[tomcat-embed-core-8.0.33.jar!/:8.0.33]
2017-04-03T13:23:17.13-0700 [APP/0]      OUT 	at org.apache.catalina.core.ApplicationFilterChain.doFilter(ApplicationFilterChain.java:207) ~[tomcat-embed-core-8.0.33.jar!/:8.0.33]
2017-04-03T13:23:17.13-0700 [APP/0]      OUT 	at org.springframework.boot.actuate.autoconfigure.EndpointWebMvcAutoConfiguration$ApplicationContextHeaderFilter.doFilterInternal(EndpointWebMvcAutoConfiguration.java:261) ~[spring-boot-actuator-1.3.5.RELEASE.jar!/:1.3.5.RELEASE]
2017-04-03T13:23:17.13-0700 [APP/0]      OUT 	at org.springframework.web.filter.OncePerRequestFilter.doFilter(OncePerRequestFilter.java:107) ~[spring-web-4.2.6.RELEASE.jar!/:4.2.6.RELEASE]
2017-04-03T13:23:17.13-0700 [APP/0]      OUT 	at org.apache.catalina.core.ApplicationFilterChain.internalDoFilter(ApplicationFilterChain.java:240) ~[tomcat-embed-core-8.0.33.jar!/:8.0.33]
2017-04-03T13:23:17.13-0700 [APP/0]      OUT 	at org.apache.catalina.core.ApplicationFilterChain.doFilter(ApplicationFilterChain.java:207) ~[tomcat-embed-core-8.0.33.jar!/:8.0.33]
2017-04-03T13:23:17.13-0700 [APP/0]      OUT 	at org.springframework.boot.actuate.trace.WebRequestTraceFilter.doFilterInternal(WebRequestTraceFilter.java:115) ~[spring-boot-actuator-1.3.5.RELEASE.jar!/:1.3.5.RELEASE]
2017-04-03T13:23:17.13-0700 [APP/0]      OUT 	at org.springframework.web.filter.OncePerRequestFilter.doFilter(OncePerRequestFilter.java:107) ~[spring-web-4.2.6.RELEASE.jar!/:4.2.6.RELEASE]
2017-04-03T13:23:17.13-0700 [APP/0]      OUT 	at org.apache.catalina.core.ApplicationFilterChain.internalDoFilter(ApplicationFilterChain.java:240) ~[tomcat-embed-core-8.0.33.jar!/:8.0.33]
2017-04-03T13:23:17.13-0700 [APP/0]      OUT 	at org.apache.catalina.core.ApplicationFilterChain.doFilter(ApplicationFilterChain.java:207) ~[tomcat-embed-core-8.0.33.jar!/:8.0.33]
2017-04-03T13:23:17.13-0700 [APP/0]      OUT 	at org.springframework.security.web.FilterChainProxy$VirtualFilterChain.doFilter(FilterChainProxy.java:316) ~[spring-security-web-4.0.4.RELEASE.jar!/:4.0.4.RELEASE]
2017-04-03T13:23:17.13-0700 [APP/0]      OUT 	at org.springframework.security.web.access.ExceptionTranslationFilter.doFilter(ExceptionTranslationFilter.java:114) ~[spring-security-web-4.0.4.RELEASE.jar!/:4.0.4.RELEASE]
2017-04-03T13:23:17.13-0700 [APP/0]      OUT 	at org.springframework.security.web.FilterChainProxy$VirtualFilterChain.doFilter(FilterChainProxy.java:330) ~[spring-security-web-4.0.4.RELEASE.jar!/:4.0.4.RELEASE]
2017-04-03T13:23:17.13-0700 [APP/0]      OUT 	at org.springframework.security.web.session.SessionManagementFilter.doFilter(SessionManagementFilter.java:122) ~[spring-security-web-4.0.4.RELEASE.jar!/:4.0.4.RELEASE]
2017-04-03T13:23:17.13-0700 [APP/0]      OUT 	at org.springframework.security.web.FilterChainProxy$VirtualFilterChain.doFilter(FilterChainProxy.java:330) ~[spring-security-web-4.0.4.RELEASE.jar!/:4.0.4.RELEASE]
2017-04-03T13:23:17.13-0700 [APP/0]      OUT 	at org.springframework.security.web.authentication.AnonymousAuthenticationFilter.doFilter(AnonymousAuthenticationFilter.java:111) ~[spring-security-web-4.0.4.RELEASE.jar!/:4.0.4.RELEASE]
2017-04-03T13:23:17.13-0700 [APP/0]      OUT 	at org.springframework.security.web.FilterChainProxy$VirtualFilterChain.doFilter(FilterChainProxy.java:330) ~[spring-security-web-4.0.4.RELEASE.jar!/:4.0.4.RELEASE]
2017-04-03T13:23:17.13-0700 [APP/0]      OUT 	at org.springframework.security.web.servletapi.SecurityContextHolderAwareRequestFilter.doFilter(SecurityContextHolderAwareRequestFilter.java:169) ~[spring-security-web-4.0.4.RELEASE.jar!/:4.0.4.RELEASE]
2017-04-03T13:23:17.13-0700 [APP/0]      OUT 	at org.springframework.security.web.FilterChainProxy$VirtualFilterChain.doFilter(FilterChainProxy.java:330) ~[spring-security-web-4.0.4.RELEASE.jar!/:4.0.4.RELEASE]
2017-04-03T13:23:17.13-0700 [APP/0]      OUT 	at org.springframework.security.web.savedrequest.RequestCacheAwareFilter.doFilter(RequestCacheAwareFilter.java:48) ~[spring-security-web-4.0.4.RELEASE.jar!/:4.0.4.RELEASE]
2017-04-03T13:23:17.13-0700 [APP/0]      OUT 	at org.springframework.security.web.FilterChainProxy$VirtualFilterChain.doFilter(FilterChainProxy.java:330) ~[spring-security-web-4.0.4.RELEASE.jar!/:4.0.4.RELEASE]
2017-04-03T13:23:17.13-0700 [APP/0]      OUT 	at org.springframework.security.web.authentication.logout.LogoutFilter.doFilter(LogoutFilter.java:120) ~[spring-security-web-4.0.4.RELEASE.jar!/:4.0.4.RELEASE]
2017-04-03T13:23:17.13-0700 [APP/0]      OUT 	at org.springframework.security.web.FilterChainProxy$VirtualFilterChain.doFilter(FilterChainProxy.java:330) ~[spring-security-web-4.0.4.RELEASE.jar!/:4.0.4.RELEASE]
2017-04-03T13:23:17.13-0700 [APP/0]      OUT 	at org.springframework.security.web.header.HeaderWriterFilter.doFilterInternal(HeaderWriterFilter.java:64) ~[spring-security-web-4.0.4.RELEASE.jar!/:4.0.4.RELEASE]
2017-04-03T13:23:17.13-0700 [APP/0]      OUT 	at org.springframework.web.filter.OncePerRequestFilter.doFilter(OncePerRequestFilter.java:107) ~[spring-web-4.2.6.RELEASE.jar!/:4.2.6.RELEASE]
2017-04-03T13:23:17.13-0700 [APP/0]      OUT 	at org.springframework.security.web.FilterChainProxy$VirtualFilterChain.doFilter(FilterChainProxy.java:330) ~[spring-security-web-4.0.4.RELEASE.jar!/:4.0.4.RELEASE]
2017-04-03T13:23:17.13-0700 [APP/0]      OUT 	at org.springframework.security.web.context.SecurityContextPersistenceFilter.doFilter(SecurityContextPersistenceFilter.java:91) ~[spring-security-web-4.0.4.RELEASE.jar!/:4.0.4.RELEASE]
2017-04-03T13:23:17.13-0700 [APP/0]      OUT 	at org.springframework.security.web.FilterChainProxy$VirtualFilterChain.doFilter(FilterChainProxy.java:330) ~[spring-security-web-4.0.4.RELEASE.jar!/:4.0.4.RELEASE]
2017-04-03T13:23:17.13-0700 [APP/0]      OUT 	at org.springframework.security.web.context.request.async.WebAsyncManagerIntegrationFilter.doFilterInternal(WebAsyncManagerIntegrationFilter.java:53) ~[spring-security-web-4.0.4.RELEASE.jar!/:4.0.4.RELEASE]
2017-04-03T13:23:17.13-0700 [APP/0]      OUT 	at org.springframework.web.filter.OncePerRequestFilter.doFilter(OncePerRequestFilter.java:107) ~[spring-web-4.2.6.RELEASE.jar!/:4.2.6.RELEASE]
2017-04-03T13:23:17.13-0700 [APP/0]      OUT 	at org.springframework.security.web.FilterChainProxy$VirtualFilterChain.doFilter(FilterChainProxy.java:330) ~[spring-security-web-4.0.4.RELEASE.jar!/:4.0.4.RELEASE]
2017-04-03T13:23:17.13-0700 [APP/0]      OUT 	at org.springframework.security.web.FilterChainProxy.doFilterInternal(FilterChainProxy.java:213) ~[spring-security-web-4.0.4.RELEASE.jar!/:4.0.4.RELEASE]
2017-04-03T13:23:17.13-0700 [APP/0]      OUT 	at org.springframework.security.web.FilterChainProxy.doFilter(FilterChainProxy.java:176) ~[spring-security-web-4.0.4.RELEASE.jar!/:4.0.4.RELEASE]
2017-04-03T13:23:17.13-0700 [APP/0]      OUT 	at org.springframework.web.filter.DelegatingFilterProxy.invokeDelegate(DelegatingFilterProxy.java:346) ~[spring-web-4.2.6.RELEASE.jar!/:4.2.6.RELEASE]
2017-04-03T13:23:17.13-0700 [APP/0]      OUT 	at org.springframework.web.filter.DelegatingFilterProxy.doFilter(DelegatingFilterProxy.java:262) ~[spring-web-4.2.6.RELEASE.jar!/:4.2.6.RELEASE]
2017-04-03T13:23:17.13-0700 [APP/0]      OUT 	at org.apache.catalina.core.ApplicationFilterChain.internalDoFilter(ApplicationFilterChain.java:240) ~[tomcat-embed-core-8.0.33.jar!/:8.0.33]
2017-04-03T13:23:17.13-0700 [APP/0]      OUT 	at org.apache.catalina.core.ApplicationFilterChain.doFilter(ApplicationFilterChain.java:207) ~[tomcat-embed-core-8.0.33.jar!/:8.0.33]
2017-04-03T13:23:17.13-0700 [APP/0]      OUT 	at org.springframework.web.filter.RequestContextFilter.doFilterInternal(RequestContextFilter.java:99) ~[spring-web-4.2.6.RELEASE.jar!/:4.2.6.RELEASE]
2017-04-03T13:23:17.13-0700 [APP/0]      OUT 	at org.springframework.web.filter.OncePerRequestFilter.doFilter(OncePerRequestFilter.java:107) ~[spring-web-4.2.6.RELEASE.jar!/:4.2.6.RELEASE]
2017-04-03T13:23:17.13-0700 [APP/0]      OUT 	at org.apache.catalina.core.ApplicationFilterChain.internalDoFilter(ApplicationFilterChain.java:240) ~[tomcat-embed-core-8.0.33.jar!/:8.0.33]
2017-04-03T13:23:17.13-0700 [APP/0]      OUT 	at org.apache.catalina.core.ApplicationFilterChain.doFilter(ApplicationFilterChain.java:207) ~[tomcat-embed-core-8.0.33.jar!/:8.0.33]
2017-04-03T13:23:17.13-0700 [APP/0]      OUT 	at org.springframework.web.filter.HttpPutFormContentFilter.doFilterInternal(HttpPutFormContentFilter.java:87) ~[spring-web-4.2.6.RELEASE.jar!/:4.2.6.RELEASE]
2017-04-03T13:23:17.13-0700 [APP/0]      OUT 	at org.springframework.web.filter.OncePerRequestFilter.doFilter(OncePerRequestFilter.java:107) ~[spring-web-4.2.6.RELEASE.jar!/:4.2.6.RELEASE]
2017-04-03T13:23:17.13-0700 [APP/0]      OUT 	at org.apache.catalina.core.ApplicationFilterChain.internalDoFilter(ApplicationFilterChain.java:240) ~[tomcat-embed-core-8.0.33.jar!/:8.0.33]
2017-04-03T13:23:17.13-0700 [APP/0]      OUT 	at org.apache.catalina.core.ApplicationFilterChain.doFilter(ApplicationFilterChain.java:207) ~[tomcat-embed-core-8.0.33.jar!/:8.0.33]
2017-04-03T13:23:17.13-0700 [APP/0]      OUT 	at org.springframework.web.filter.HiddenHttpMethodFilter.doFilterInternal(HiddenHttpMethodFilter.java:77) ~[spring-web-4.2.6.RELEASE.jar!/:4.2.6.RELEASE]
2017-04-03T13:23:17.13-0700 [APP/0]      OUT 	at org.springframework.web.filter.OncePerRequestFilter.doFilter(OncePerRequestFilter.java:107) ~[spring-web-4.2.6.RELEASE.jar!/:4.2.6.RELEASE]
2017-04-03T13:23:17.13-0700 [APP/0]      OUT 	at org.apache.catalina.core.ApplicationFilterChain.internalDoFilter(ApplicationFilterChain.java:240) ~[tomcat-embed-core-8.0.33.jar!/:8.0.33]
2017-04-03T13:23:17.13-0700 [APP/0]      OUT 	at org.apache.catalina.core.ApplicationFilterChain.doFilter(ApplicationFilterChain.java:207) ~[tomcat-embed-core-8.0.33.jar!/:8.0.33]
2017-04-03T13:23:17.13-0700 [APP/0]      OUT 	at org.springframework.web.filter.CharacterEncodingFilter.doFilterInternal(CharacterEncodingFilter.java:121) ~[spring-web-4.2.6.RELEASE.jar!/:4.2.6.RELEASE]
2017-04-03T13:23:17.13-0700 [APP/0]      OUT 	at org.springframework.web.filter.OncePerRequestFilter.doFilter(OncePerRequestFilter.java:107) ~[spring-web-4.2.6.RELEASE.jar!/:4.2.6.RELEASE]
2017-04-03T13:23:17.13-0700 [APP/0]      OUT 	at org.apache.catalina.core.ApplicationFilterChain.internalDoFilter(ApplicationFilterChain.java:240) ~[tomcat-embed-core-8.0.33.jar!/:8.0.33]
2017-04-03T13:23:17.13-0700 [APP/0]      OUT 	at org.apache.catalina.core.ApplicationFilterChain.doFilter(ApplicationFilterChain.java:207) ~[tomcat-embed-core-8.0.33.jar!/:8.0.33]
2017-04-03T13:23:17.13-0700 [APP/0]      OUT 	at org.springframework.boot.actuate.autoconfigure.MetricsFilter.doFilterInternal(MetricsFilter.java:103) ~[spring-boot-actuator-1.3.5.RELEASE.jar!/:1.3.5.RELEASE]
2017-04-03T13:23:17.13-0700 [APP/0]      OUT 	at org.springframework.web.filter.OncePerRequestFilter.doFilter(OncePerRequestFilter.java:107) ~[spring-web-4.2.6.RELEASE.jar!/:4.2.6.RELEASE]
2017-04-03T13:23:17.13-0700 [APP/0]      OUT 	at org.apache.catalina.core.ApplicationFilterChain.internalDoFilter(ApplicationFilterChain.java:240) ~[tomcat-embed-core-8.0.33.jar!/:8.0.33]
2017-04-03T13:23:17.13-0700 [APP/0]      OUT 	at org.apache.catalina.core.ApplicationFilterChain.doFilter(ApplicationFilterChain.java:207) ~[tomcat-embed-core-8.0.33.jar!/:8.0.33]
2017-04-03T13:23:17.13-0700 [APP/0]      OUT 	at org.apache.catalina.core.StandardWrapperValve.invoke(StandardWrapperValve.java:212) [tomcat-embed-core-8.0.33.jar!/:8.0.33]
2017-04-03T13:23:17.13-0700 [APP/0]      OUT 	at org.apache.catalina.core.StandardContextValve.invoke(StandardContextValve.java:106) [tomcat-embed-core-8.0.33.jar!/:8.0.33]
2017-04-03T13:23:17.13-0700 [APP/0]      OUT 	at org.apache.catalina.authenticator.AuthenticatorBase.invoke(AuthenticatorBase.java:502) [tomcat-embed-core-8.0.33.jar!/:8.0.33]
2017-04-03T13:23:17.13-0700 [APP/0]      OUT 	at org.apache.catalina.valves.RemoteIpValve.invoke(RemoteIpValve.java:676) [tomcat-embed-core-8.0.33.jar!/:8.0.33]
2017-04-03T13:23:17.13-0700 [APP/0]      OUT 	at org.apache.catalina.core.StandardHostValve.invoke(StandardHostValve.java:141) [tomcat-embed-core-8.0.33.jar!/:8.0.33]
2017-04-03T13:23:17.13-0700 [APP/0]      OUT 	at org.apache.catalina.valves.ErrorReportValve.invoke(ErrorReportValve.java:79) [tomcat-embed-core-8.0.33.jar!/:8.0.33]
2017-04-03T13:23:17.13-0700 [APP/0]      OUT 	at org.apache.catalina.core.StandardEngineValve.invoke(StandardEngineValve.java:88) [tomcat-embed-core-8.0.33.jar!/:8.0.33]
2017-04-03T13:23:17.13-0700 [APP/0]      OUT 	at org.apache.catalina.connector.CoyoteAdapter.service(CoyoteAdapter.java:522) [tomcat-embed-core-8.0.33.jar!/:8.0.33]
2017-04-03T13:23:17.13-0700 [APP/0]      OUT 	at org.apache.coyote.http11.AbstractHttp11Processor.process(AbstractHttp11Processor.java:1095) [tomcat-embed-core-8.0.33.jar!/:8.0.33]
2017-04-03T13:23:17.13-0700 [APP/0]      OUT 	at org.apache.coyote.AbstractProtocol$AbstractConnectionHandler.process(AbstractProtocol.java:672) [tomcat-embed-core-8.0.33.jar!/:8.0.33]
2017-04-03T13:23:17.13-0700 [APP/0]      OUT 	at org.apache.tomcat.util.net.NioEndpoint$SocketProcessor.doRun(NioEndpoint.java:1502) [tomcat-embed-core-8.0.33.jar!/:8.0.33]
2017-04-03T13:23:17.13-0700 [APP/0]      OUT 	at org.apache.tomcat.util.net.NioEndpoint$SocketProcessor.run(NioEndpoint.java:1458) [tomcat-embed-core-8.0.33.jar!/:8.0.33]
2017-04-03T13:23:17.13-0700 [APP/0]      OUT 	at java.util.concurrent.ThreadPoolExecutor.runWorker(ThreadPoolExecutor.java:1142) [?:1.8.0_101]
2017-04-03T13:23:17.13-0700 [APP/0]      OUT 	at java.util.concurrent.ThreadPoolExecutor$Worker.run(ThreadPoolExecutor.java:617) [?:1.8.0_101]
2017-04-03T13:23:17.13-0700 [APP/0]      OUT 	at org.apache.tomcat.util.threads.TaskThread$WrappingRunnable.run(TaskThread.java:61) [tomcat-embed-core-8.0.33.jar!/:8.0.33]
2017-04-03T13:23:17.13-0700 [APP/0]      OUT 	at java.lang.Thread.run(Thread.java:745) [?:1.8.0_101]
2017-04-03T13:23:17.16-0700 [RTR/1]      OUT forward-facing-service.dev.px-01.cf.t-mobile.com - [03/04/2017:20:23:16.341 +0000] "GET /greeting HTTP/1.1" 500 0 464 "-" "Mozilla/5.0 (Windows NT 6.1; WOW64) AppleWebKit/537.36 (KHTML, like Gecko) Chrome/56.0.2924.87 Safari/537.36" 10.93.105.11:56406 x_forwarded_for:"10.83.120.77" x_forwarded_proto:"https" vcap_request_id:c1568ea9-ae37-4668-74bc-76680821600f response_time:0.825141774 app_id:a9c0382a-f413-4680-b17c-ca0130089193
2017-04-03T13:23:18.87-0700 [RTR/1]      OUT forward-facing-service.dev.px-01.cf.t-mobile.com - [03/04/2017:20:23:18.842 +0000] "GET /favicon.ico HTTP/1.1" 200 0 946 "https://forward-facing-service.dev.px-01.cf.t-mobile.com/greeting" "Mozilla/5.0 (Windows NT 6.1; WOW64) AppleWebKit/537.36 (KHTML, like Gecko) Chrome/56.0.2924.87 Safari/537.36" 10.93.105.11:56406 x_forwarded_for:"10.83.120.77" x_forwarded_proto:"https" vcap_request_id:ac05d76b-4166-4499-62e6-bf2ef272a53f response_time:0.028545342 app_id:a9c0382a-f413-4680-b17c-ca0130089193
